GameStarted
BallMoved (7.25,22.5)
BallMoved (7.5,22.0)
BallMoved (7.75,21.5)
BallMoved (8.0,21.0)
BallMoved (8.25,20.5)
BallMoved (8.5,20.0)
BallMoved (8.75,19.5)
BallMoved (9.0,19.0)
BallMoved (9.25,18.5)
BallMoved (9.5,18.0)
BallMoved (9.75,17.5)
BallMoved (10.0,17.0)
BallMoved (10.25,16.5)
BallMoved (10.5,16.0)
BallMoved (10.75,15.5)
BallMoved (11.0,15.0)
BallMoved (11.25,14.5)
BallMoved (11.5,14.0)
BallMoved (11.75,13.5)
BallMoved (12.0,13.0)
BallMoved (12.25,12.5)
BallMoved (12.5,12.0)
BallMoved (12.75,11.5)
BallMoved (13.0,11.0)
BallMoved (13.25,10.5)
BallMoved (13.5,10.0)
BallMoved (13.75,9.5)
BallMoved (14.0,9.0)
BallMoved (14.25,8.5)
BallMoved (14.5,8.0)
BallMoved (14.75,7.5)
BallMoved (15.0,7.0)
BallMoved (15.25,6.5)
PaddleMovedRight 1 3
BallMoved (15.5,6.0)
BallMoved (15.75,5.5)
BallMoved (16.0,5.0)
BrickCollision (5,-10) (5,10)
PaddleMovedRight 3 5
BallMoved (16.25,5.5)
BallMoved (16.5,6.0)
BallMoved (16.75,6.5)
PaddleMovedRight 5 7
BallMoved (17.0,7.0)
BallMoved (17.25,7.5)
BallMoved (17.5,8.0)
BallMoved (17.75,8.5)
BallMoved (18.0,9.0)
BallMoved (18.25,9.5)
BallMoved (18.5,10.0)
BallMoved (18.75,10.5)
BallMoved (19.0,11.0)
BallMoved (19.25,11.5)
PaddleMovedRight 7 9
BallMoved (19.5,12.0)
PaddleMovedRight 9 11
PaddleMovedRight 11 13
BallMoved (19.75,12.5)
PaddleMovedRight 13 15
BallMoved (20.0,13.0)
PaddleMovedRight 15 17
PaddleMovedRight 17 19
BallMoved (20.25,13.5)
PaddleMovedRight 19 21
PaddleMovedRight 21 23
BallMoved (20.5,14.0)
PaddleMovedRight 23 25
BallMoved (20.75,14.5)
PaddleMovedRight 25 27
BallMoved (21.0,15.0)
BallMoved (21.25,15.5)
BallMoved (21.5,16.0)
BallMoved (21.75,16.5)
BallMoved (22.0,17.0)
BallMoved (22.25,17.5)
BallMoved (22.5,18.0)
BallMoved (22.75,18.5)
BallMoved (23.0,19.0)
BallMoved (23.25,19.5)
BallMoved (23.5,20.0)
BallMoved (23.75,20.5)
BallMoved (24.0,21.0)
BallMoved (24.25,21.5)
BallMoved (24.5,22.0)
BallMoved (24.75,22.5)
BallMoved (25.0,23.0)
BallMoved (25.25,23.5)
BallMoved (25.5,24.0)
BallMoved (25.75,24.5)
BallMoved (26.0,25.0)
PaddleMovedRight 27 29
BallMoved (33.25,22.5)
BallMoved (33.5,22.0)
BallMoved (33.75,21.5)
BallMoved (34.0,21.0)
BallMoved (34.25,20.5)
BallMoved (34.5,20.0)
BallMoved (34.75,19.5)
BallMoved (35.0,19.0)
BallMoved (35.25,18.5)
BallMoved (35.5,18.0)
BallMoved (35.75,17.5)
BallMoved (36.0,17.0)
BallMoved (36.25,16.5)
BallMoved (36.5,16.0)
BallMoved (36.75,15.5)
BallMoved (37.0,15.0)
BallMoved (37.25,14.5)
BallMoved (37.5,14.0)
BallMoved (37.75,13.5)
BallMoved (38.0,13.0)
BallMoved (38.25,12.5)
BallMoved (38.5,12.0)
BallMoved (38.75,11.5)
PaddleMovedRight 29 31
BallMoved (39.0,11.0)
BallMoved (39.25,10.5)
BallMoved (39.5,10.0)
BallMoved (39.75,9.5)
BallMoved (40.0,9.0)
PaddleMovedRight 31 33
BallMoved (40.25,8.5)
BallMoved (40.5,8.0)
BallMoved (40.75,7.5)
BallMoved (41.0,7.0)
PaddleMovedRight 33 35
BallMoved (41.25,6.5)
BallMoved (41.5,6.0)
BallMoved (41.75,5.5)
BallMoved (42.0,5.0)
BrickCollision (5,-10) (5,10)
BallMoved (42.25,5.5)
BallMoved (42.5,6.0)
BallMoved (42.75,6.5)
BallMoved (43.0,7.0)
BallMoved (43.25,7.5)
BallMoved (43.5,8.0)
PaddleMovedRight 35 37
BallMoved (43.75,8.5)
PaddleMovedRight 37 39
PaddleMovedRight 39 41
BallMoved (44.0,9.0)
PaddleMovedRight 41 43
BallMoved (44.25,9.5)
BallMoved (44.5,10.0)
BallMoved (44.75,10.5)
BallMoved (45.0,11.0)
BallMoved (45.25,11.5)
BallMoved (45.5,12.0)
BallMoved (45.75,12.5)
BallMoved (46.0,13.0)
BallMoved (46.25,13.5)
PaddleMovedRight 43 45
BallMoved (46.5,14.0)
BallMoved (46.75,14.5)
BallMoved (47.0,15.0)
BallMoved (47.25,15.5)
PaddleMovedRight 45 47
BallMoved (47.5,16.0)
BallMoved (47.75,16.5)
BallMoved (48.0,17.0)
BallMoved (48.25,17.5)
PaddleMovedRight 47 49
BallMoved (48.5,18.0)
BallMoved (48.75,18.5)
BallMoved (49.0,19.0)
BallMoved (49.25,19.5)
PaddleMovedRight 49 51
BallMoved (49.5,20.0)
BallMoved (49.75,20.5)
BallMoved (50.0,21.0)
BallMoved (50.25,21.5)
BallMoved (50.5,22.0)
BallMoved (50.75,22.5)
BallMoved (51.0,23.0)
BallMoved (51.25,23.5)
PaddleCollision (5,10) (4,-10)
BallMoved (51.45,23.0)
BallMoved (51.65,22.5)
BallMoved (51.850002,22.0)
BallMoved (52.050003,21.5)
BallMoved (52.250004,21.0)
BallMoved (52.450005,20.5)
BallMoved (52.650005,20.0)
BallMoved (52.850006,19.5)
BallMoved (53.050007,19.0)
BallMoved (53.250008,18.5)
BallMoved (53.45001,18.0)
BallMoved (53.65001,17.5)
BallMoved (53.85001,17.0)
BallMoved (54.05001,16.5)
BallMoved (54.25001,16.0)
BallMoved (54.450012,15.5)
BallMoved (54.650013,15.0)
BallMoved (54.850014,14.5)
BallMoved (55.050014,14.0)
BallMoved (55.250015,13.5)
BallMoved (55.450016,13.0)
BallMoved (55.650017,12.5)
BallMoved (55.850018,12.0)
BallMoved (56.05002,11.5)
BallMoved (56.25002,11.0)
BallMoved (56.45002,10.5)
BallMoved (56.65002,10.0)
BallMoved (56.85002,9.5)
BallMoved (57.050022,9.0)
BallMoved (57.250023,8.5)
BallMoved (57.450024,8.0)
BallMoved (57.650024,7.5)
BallMoved (57.850025,7.0)
BallMoved (58.050026,6.5)
BallMoved (58.250027,6.0)
PaddleMovedLeft 51 49
BallMoved (58.450027,5.5)
BallMoved (58.65003,5.0)
BrickCollision (4,-10) (4,10)
BallMoved (58.85003,5.5)
BallMoved (59.05003,6.0)
BallMoved (59.25003,6.5)
BallMoved (59.45003,7.0)
BallMoved (59.650032,7.5)
BallMoved (59.850033,8.0)
BallMoved (60.050034,8.5)
BallMoved (60.250034,9.0)
PaddleMovedLeft 49 47
BallMoved (60.450035,9.5)
PaddleMovedLeft 47 45
PaddleMovedLeft 45 43
BallMoved (60.650036,10.0)
PaddleMovedLeft 43 41
BallMoved (60.850037,10.5)
PaddleMovedLeft 41 39
PaddleMovedLeft 39 37
BallMoved (61.050037,11.0)
PaddleMovedLeft 37 35
BallMoved (61.25004,11.5)
PaddleMovedLeft 35 33
PaddleMovedLeft 33 31
BallMoved (61.45004,12.0)
PaddleMovedLeft 31 29
BallMoved (61.65004,12.5)
BallMoved (61.85004,13.0)
BallMoved (62.05004,13.5)
BallMoved (62.250042,14.0)
BallMoved (62.450043,14.5)
BallMoved (62.650043,15.0)
BallMoved (62.850044,15.5)
BallMoved (63.050045,16.0)
BallMoved (63.250046,16.5)
BallMoved (63.450047,17.0)
BallMoved (63.650047,17.5)
BallMoved (63.850048,18.0)
BallMoved (64.05005,18.5)
BallMoved (64.250046,19.0)
BallMoved (64.45004,19.5)
BallMoved (64.65004,20.0)
BallMoved (64.85004,20.5)
BallMoved (65.05003,21.0)
BallMoved (65.25003,21.5)
BallMoved (65.45003,22.0)
BallMoved (65.650024,22.5)
BallMoved (65.85002,23.0)
BallMoved (66.05002,23.5)
BallMoved (66.250015,24.0)
BallMoved (66.45001,24.5)
BallMoved (66.65001,25.0)
BallMoved (35.2,22.5)
BallMoved (35.4,22.0)
BallMoved (35.600002,21.5)
BallMoved (35.800003,21.0)
BallMoved (36.000004,20.5)
BallMoved (36.200005,20.0)
BallMoved (36.400005,19.5)
BallMoved (36.600006,19.0)
BallMoved (36.800007,18.5)
BallMoved (37.000008,18.0)
BallMoved (37.20001,17.5)
BallMoved (37.40001,17.0)
BallMoved (37.60001,16.5)
BallMoved (37.80001,16.0)
BallMoved (38.00001,15.5)
BallMoved (38.200012,15.0)
BallMoved (38.400013,14.5)
BallMoved (38.600014,14.0)
BallMoved (38.800014,13.5)
BallMoved (39.000015,13.0)
BallMoved (39.200016,12.5)
BallMoved (39.400017,12.0)
BallMoved (39.600018,11.5)
BallMoved (39.80002,11.0)
BallMoved (40.00002,10.5)
BallMoved (40.20002,10.0)
BallMoved (40.40002,9.5)
BallMoved (40.60002,9.0)
BallMoved (40.800022,8.5)
BallMoved (41.000023,8.0)
BallMoved (41.200024,7.5)
BallMoved (41.400024,7.0)
BallMoved (41.600025,6.5)
BallMoved (41.800026,6.0)
BallMoved (42.000027,5.5)
BallMoved (42.200027,5.0)
BallMoved (42.40003,4.5)
BallMoved (42.60003,4.0)
BrickCollision (4,-10) (4,10)
BallMoved (42.80003,4.5)
BallMoved (43.00003,5.0)
BallMoved (43.20003,5.5)
BallMoved (43.400032,6.0)
BallMoved (43.600033,6.5)
BallMoved (43.800034,7.0)
BallMoved (44.000034,7.5)
BallMoved (44.200035,8.0)
BallMoved (44.400036,8.5)
BallMoved (44.600037,9.0)
BallMoved (44.800037,9.5)
BallMoved (45.00004,10.0)
BallMoved (45.20004,10.5)
BallMoved (45.40004,11.0)
BallMoved (45.60004,11.5)
BallMoved (45.80004,12.0)
BallMoved (46.000042,12.5)
BallMoved (46.200043,13.0)
BallMoved (46.400043,13.5)
BallMoved (46.600044,14.0)
BallMoved (46.800045,14.5)
BallMoved (47.000046,15.0)
BallMoved (47.200047,15.5)
BallMoved (47.400047,16.0)
BallMoved (47.600048,16.5)
BallMoved (47.80005,17.0)
BallMoved (48.00005,17.5)
BallMoved (48.20005,18.0)
BallMoved (48.40005,18.5)
BallMoved (48.60005,19.0)
BallMoved (48.800053,19.5)
BallMoved (49.000053,20.0)
BallMoved (49.200054,20.5)
BallMoved (49.400055,21.0)
BallMoved (49.600056,21.5)
BallMoved (49.800056,22.0)
BallMoved (50.000057,22.5)
BallMoved (50.200058,23.0)
BallMoved (50.40006,23.5)
BallMoved (50.60006,24.0)
BallMoved (50.80006,24.5)
BallMoved (51.00006,25.0)
BallMoved (35.2,22.5)
BallMoved (35.4,22.0)
BallMoved (35.600002,21.5)
BallMoved (35.800003,21.0)
BallMoved (36.000004,20.5)
BallMoved (36.200005,20.0)
BallMoved (36.400005,19.5)
BallMoved (36.600006,19.0)
BallMoved (36.800007,18.5)
BallMoved (37.000008,18.0)
BallMoved (37.20001,17.5)
BallMoved (37.40001,17.0)
BallMoved (37.60001,16.5)
BallMoved (37.80001,16.0)
BallMoved (38.00001,15.5)
BallMoved (38.200012,15.0)
BallMoved (38.400013,14.5)
BallMoved (38.600014,14.0)
BallMoved (38.800014,13.5)
BallMoved (39.000015,13.0)
BallMoved (39.200016,12.5)
BallMoved (39.400017,12.0)
BallMoved (39.600018,11.5)
BallMoved (39.80002,11.0)
BallMoved (40.00002,10.5)
BallMoved (40.20002,10.0)
BallMoved (40.40002,9.5)
BallMoved (40.60002,9.0)
BallMoved (40.800022,8.5)
BallMoved (41.000023,8.0)
BallMoved (41.200024,7.5)
BallMoved (41.400024,7.0)
BallMoved (41.600025,6.5)
BallMoved (41.800026,6.0)
BallMoved (42.000027,5.5)
BallMoved (42.200027,5.0)
BallMoved (42.40003,4.5)
BallMoved (42.60003,4.0)
BallMoved (42.80003,3.5)
BallMoved (43.00003,3.0)
BrickCollision (4,-10) (4,10)
BallMoved (43.20003,3.5)
BallMoved (43.400032,4.0)
BallMoved (43.600033,4.5)
BallMoved (43.800034,5.0)
BallMoved (44.000034,5.5)
BallMoved (44.200035,6.0)
BallMoved (44.400036,6.5)
BallMoved (44.600037,7.0)
BallMoved (44.800037,7.5)
BallMoved (45.00004,8.0)
BallMoved (45.20004,8.5)
BallMoved (45.40004,9.0)
BallMoved (45.60004,9.5)
BallMoved (45.80004,10.0)
BallMoved (46.000042,10.5)
BallMoved (46.200043,11.0)
BallMoved (46.400043,11.5)
BallMoved (46.600044,12.0)
BallMoved (46.800045,12.5)
BallMoved (47.000046,13.0)
BallMoved (47.200047,13.5)
BallMoved (47.400047,14.0)
BallMoved (47.600048,14.5)
BallMoved (47.80005,15.0)
BallMoved (48.00005,15.5)
BallMoved (48.20005,16.0)
BallMoved (48.40005,16.5)
BallMoved (48.60005,17.0)
BallMoved (48.800053,17.5)
BallMoved (49.000053,18.0)
BallMoved (49.200054,18.5)
BallMoved (49.400055,19.0)
BallMoved (49.600056,19.5)
BallMoved (49.800056,20.0)
BallMoved (50.000057,20.5)
BallMoved (50.200058,21.0)
BallMoved (50.40006,21.5)
BallMoved (50.60006,22.0)
BallMoved (50.80006,22.5)
BallMoved (51.00006,23.0)
BallMoved (51.20006,23.5)
BallMoved (51.400063,24.0)
BallMoved (51.600063,24.5)
BallMoved (51.800064,25.0)
PlayerLost 21
GameTerminated
